This is pdfTeX, Version 3.141592653-2.6-1.40.25 (MiKTeX 23.5) (preloaded format=pdflatex 2023.7.22)  25 OCT 2023 01:40
entering extended mode
 restricted \write18 enabled.
 %&-line parsing enabled.
**E:/Projects/TeX_Projects/Algorithms_Assignments/Recitation_01/Recitation01.te
x

(E:/Projects/TeX_Projects/Algorithms_Assignments/Recitation_01/Recitation01.tex
LaTeX2e <2023-06-01> patch level 1
L3 programming layer <2023-06-30>
(C:\Users\omarm\AppData\Local\Programs\MiKTeX\tex/latex/base\article.cls
Document Class: article 2023/05/17 v1.4n Standard LaTeX document class
(C:\Users\omarm\AppData\Local\Programs\MiKTeX\tex/latex/base\size10.clo
File: size10.clo 2023/05/17 v1.4n Standard LaTeX file (size option)
)
\c@part=\count185
\c@section=\count186
\c@subsection=\count187
\c@subsubsection=\count188
\c@paragraph=\count189
\c@subparagraph=\count190
\c@figure=\count191
\c@table=\count192
\abovecaptionskip=\skip48
\belowcaptionskip=\skip49
\bibindent=\dimen140
)
(C:\Users\omarm\AppData\Local\Programs\MiKTeX\tex/latex/listings\listings.sty
(C:\Users\omarm\AppData\Local\Programs\MiKTeX\tex/latex/graphics\keyval.sty
Package: keyval 2022/05/29 v1.15 key=value parser (DPC)
\KV@toks@=\toks17
)
\lst@mode=\count193
\lst@gtempboxa=\box51
\lst@token=\toks18
\lst@length=\count194
\lst@currlwidth=\dimen141
\lst@column=\count195
\lst@pos=\count196
\lst@lostspace=\dimen142
\lst@width=\dimen143
\lst@newlines=\count197
\lst@lineno=\count198
\lst@maxwidth=\dimen144

(C:\Users\omarm\AppData\Local\Programs\MiKTeX\tex/latex/listings\lstmisc.sty
File: lstmisc.sty 2023/02/27 1.9 (Carsten Heinz)
\c@lstnumber=\count199
\lst@skipnumbers=\count266
\lst@framebox=\box52
)
(C:\Users\omarm\AppData\Local\Programs\MiKTeX\tex/latex/listings\listings.cfg
File: listings.cfg 2023/02/27 1.9 listings configuration
))
Package: listings 2023/02/27 1.9 (Carsten Heinz)

(C:\Users\omarm\AppData\Local\Programs\MiKTeX\tex/latex/l3backend\l3backend-pdf
tex.def
File: l3backend-pdftex.def 2023-04-19 L3 backend support: PDF output (pdfTeX)
\l__color_backend_stack_int=\count267
\l__pdf_internal_box=\box53
)
No file Recitation01.aux.
\openout1 = `Recitation01.aux'.

LaTeX Font Info:    Checking defaults for OML/cmm/m/it on input line 9.
LaTeX Font Info:    ... okay on input line 9.
LaTeX Font Info:    Checking defaults for OMS/cmsy/m/n on input line 9.
LaTeX Font Info:    ... okay on input line 9.
LaTeX Font Info:    Checking defaults for OT1/cmr/m/n on input line 9.
LaTeX Font Info:    ... okay on input line 9.
LaTeX Font Info:    Checking defaults for T1/cmr/m/n on input line 9.
LaTeX Font Info:    ... okay on input line 9.
LaTeX Font Info:    Checking defaults for TS1/cmr/m/n on input line 9.
LaTeX Font Info:    ... okay on input line 9.
LaTeX Font Info:    Checking defaults for OMX/cmex/m/n on input line 9.
LaTeX Font Info:    ... okay on input line 9.
LaTeX Font Info:    Checking defaults for U/cmr/m/n on input line 9.
LaTeX Font Info:    ... okay on input line 9.
\c@lstlisting=\count268
LaTeX Font Info:    External font `cmex10' loaded for size
(Font)              <12> on input line 11.
LaTeX Font Info:    External font `cmex10' loaded for size
(Font)              <8> on input line 11.
LaTeX Font Info:    External font `cmex10' loaded for size
(Font)              <6> on input line 11.

Underfull \hbox (badness 10000) in paragraph at lines 14--18

 []

(C:\Users\omarm\AppData\Local\Programs\MiKTeX\tex/latex/listings\lstlang1.sty
File: lstlang1.sty 2023/02/27 1.9 listings language file
)
(C:\Users\omarm\AppData\Local\Programs\MiKTeX\tex/latex/listings\lstlang1.sty
File: lstlang1.sty 2023/02/27 1.9 listings language file
)
(C:\Users\omarm\AppData\Local\Programs\MiKTeX\tex/latex/listings\lstmisc.sty
File: lstmisc.sty 2023/02/27 1.9 (Carsten Heinz)
)
LaTeX Font Info:    Trying to load font information for OMS+cmr on input line 2
0.

(C:\Users\omarm\AppData\Local\Programs\MiKTeX\tex/latex/base\omscmr.fd
File: omscmr.fd 2023/04/13 v2.5m Standard LaTeX font definitions
)
LaTeX Font Info:    Font shape `OMS/cmr/m/n' in size <10> not available
(Font)              Font shape `OMS/cmsy/m/n' tried instead on input line 20.

Overfull \hbox (45.00397pt too wide) in paragraph at lines 20--21
[][][][][][][][][][][][][][][][][][][][][][][][][] 
 []

LaTeX Font Info:    Trying to load font information for OML+cmr on input line 2
1.
(C:\Users\omarm\AppData\Local\Programs\MiKTeX\tex/latex/base\omlcmr.fd
File: omlcmr.fd 2023/04/13 v2.5m Standard LaTeX font definitions
)
LaTeX Font Info:    Font shape `OML/cmr/m/n' in size <10> not available
(Font)              Font shape `OML/cmm/m/it' tried instead on input line 21.
LaTeX Font Info:    External font `cmex10' loaded for size
(Font)              <7> on input line 32.
LaTeX Font Info:    External font `cmex10' loaded for size
(Font)              <5> on input line 32.

Underfull \hbox (badness 10000) in paragraph at lines 32--34

 []


Underfull \hbox (badness 10000) in paragraph at lines 32--34

 []

[1

{C:/Users/omarm/AppData/Local/MiKTeX/fonts/map/pdftex/pdftex.map}]
Underfull \hbox (badness 10000) in paragraph at lines 49--51

 []


Underfull \hbox (badness 10000) in paragraph at lines 49--51

 []


Overfull \hbox (27.00378pt too wide) in paragraph at lines 60--61
[][][][][][][][][][][][][][][][][][][][][][][][][][][][][][][][] 
 []


! LaTeX Error: There's no line here to end.

See the LaTeX manual or LaTeX Companion for explanation.
Type  H <return>  for immediate help.
 ...                                              
                                                  
l.72 \newline
             
? r
OK, entering \nonstopmode...

Underfull \hbox (badness 10000) in paragraph at lines 73--75

 []


Underfull \hbox (badness 10000) in paragraph at lines 73--75

 []

[2] (Recitation01.aux)
 ***********
LaTeX2e <2023-06-01> patch level 1
L3 programming layer <2023-06-30>
 ***********


LaTeX Warning: Label(s) may have changed. Rerun to get cross-references right.

 ) 
Here is how much of TeX's memory you used:
 2355 strings out of 475550
 34971 string characters out of 5762533
 1940238 words of memory out of 5000000
 23620 multiletter control sequences out of 15000+600000
 562352 words of font info for 50 fonts, out of 8000000 for 9000
 1141 hyphenation exceptions out of 8191
 41i,7n,64p,536b,1592s stack positions out of 10000i,1000n,20000p,200000b,200000s
 <C:\Users\omarm\AppData\Local\MiKTeX\fonts/pk/ljfour/jknappen/ec/dpi600\tcrm
1000.pk><C:/Users/omarm/AppData/Local/Programs/MiKTeX/fonts/type1/public/amsfon
ts/cm/cmbx10.pfb><C:/Users/omarm/AppData/Local/Programs/MiKTeX/fonts/type1/publ
ic/amsfonts/cm/cmbx12.pfb><C:/Users/omarm/AppData/Local/Programs/MiKTeX/fonts/t
ype1/public/amsfonts/cm/cmmi10.pfb><C:/Users/omarm/AppData/Local/Programs/MiKTe
X/fonts/type1/public/amsfonts/cm/cmr10.pfb><C:/Users/omarm/AppData/Local/Progra
ms/MiKTeX/fonts/type1/public/amsfonts/cm/cmr12.pfb><C:/Users/omarm/AppData/Loca
l/Programs/MiKTeX/fonts/type1/public/amsfonts/cm/cmr17.pfb><C:/Users/omarm/AppD
ata/Local/Programs/MiKTeX/fonts/type1/public/amsfonts/cm/cmsy10.pfb>
Output written on Recitation01.pdf (2 pages, 100323 bytes).
PDF statistics:
 49 PDF objects out of 1000 (max. 8388607)
 0 named destinations out of 1000 (max. 500000)
 1 words of extra memory for PDF output out of 10000 (max. 10000000)

